Sun Feb 23 15:41:39 UTC 2025 - Activity Log Update
Sun Feb 23 15:52:21 UTC 2025 - Activity Log Update 1
Sun Feb 23 15:53:51 UTC 2025 - Activity Log Update 1
Tue Feb 25 12:18:04 UTC 2025 - Activity Log Update 1
Tue Feb 25 18:26:34 UTC 2025 - Activity Log Update 1
Wed Mar 12 12:18:26 UTC 2025 - Activity Log Update 1
Mon Mar 17 12:18:47 UTC 2025 - Activity Log Update 1
Tue Mar 18 12:18:45 UTC 2025 - Activity Log Update 1
Sun Mar 23 12:16:35 UTC 2025 - Activity Log Update 1
Sun Mar 23 12:16:35 UTC 2025 - Activity Log Update 2
Sun Mar 23 12:16:35 UTC 2025 - Activity Log Update 3
Wed Mar 26 12:18:39 UTC 2025 - Activity Log Update 1
Wed Mar 26 12:18:39 UTC 2025 - Activity Log Update 2
Wed Mar 26 12:18:39 UTC 2025 - Activity Log Update 3
Wed Mar 26 12:18:40 UTC 2025 - Activity Log Update 4
Sat Mar 29 12:16:33 UTC 2025 - Activity Log Update 1
Sat Mar 29 12:16:33 UTC 2025 - Activity Log Update 2
Sat Mar 29 12:16:33 UTC 2025 - Activity Log Update 3
Sat Mar 29 12:16:33 UTC 2025 - Activity Log Update 4
Sat Mar 29 12:16:33 UTC 2025 - Activity Log Update 5
Fri Apr 11 12:19:18 UTC 2025 - Activity Log Update 1
Fri Apr 11 12:19:18 UTC 2025 - Activity Log Update 2
Fri Apr 11 12:19:18 UTC 2025 - Activity Log Update 3
Sat Apr 12 12:16:20 UTC 2025 - Activity Log Update 1
Sat Apr 12 12:16:20 UTC 2025 - Activity Log Update 2
Thu Apr 17 12:19:07 UTC 2025 - Activity Log Update 1
Thu Apr 17 12:19:07 UTC 2025 - Activity Log Update 2
Thu Apr 17 12:19:07 UTC 2025 - Activity Log Update 3
Wed May 14 12:19:58 UTC 2025 - Activity Log Update 1
Wed May 14 12:19:58 UTC 2025 - Activity Log Update 2
Wed May 14 12:19:58 UTC 2025 - Activity Log Update 3
Mon May 26 12:19:42 UTC 2025 - Activity Log Update 1
Mon May 26 12:19:42 UTC 2025 - Activity Log Update 2
Mon May 26 12:19:42 UTC 2025 - Activity Log Update 3
Mon May 26 12:19:42 UTC 2025 - Activity Log Update 4
Thu May 29 12:20:04 UTC 2025 - Activity Log Update 1
Thu May 29 12:20:04 UTC 2025 - Activity Log Update 2
Thu May 29 12:20:04 UTC 2025 - Activity Log Update 3
Thu May 29 12:20:04 UTC 2025 - Activity Log Update 4
Thu May 29 12:20:04 UTC 2025 - Activity Log Update 5
Mon Jun  2 12:20:48 UTC 2025 - Activity Log Update 1
Mon Jun  2 12:20:48 UTC 2025 - Activity Log Update 2
Mon Jun  2 12:20:48 UTC 2025 - Activity Log Update 3
Mon Jun  2 12:20:48 UTC 2025 - Activity Log Update 4
Mon Jun  9 12:20:49 UTC 2025 - Activity Log Update 1
Mon Jun  9 12:20:49 UTC 2025 - Activity Log Update 2
Mon Jun  9 12:20:49 UTC 2025 - Activity Log Update 3
Wed Jun 11 12:21:08 UTC 2025 - Activity Log Update 1
Wed Jun 11 12:21:08 UTC 2025 - Activity Log Update 2
Wed Jun 11 12:21:08 UTC 2025 - Activity Log Update 3
Wed Jun 11 12:21:09 UTC 2025 - Activity Log Update 4
Sat Jun 28 12:18:30 UTC 2025 - Activity Log Update 1
Sat Jun 28 12:18:30 UTC 2025 - Activity Log Update 2
Sat Jun 28 12:18:30 UTC 2025 - Activity Log Update 3
Sat Jun 28 12:18:30 UTC 2025 - Activity Log Update 4
Sat Jun 28 12:18:30 UTC 2025 - Activity Log Update 5
Tue Jul  1 12:21:30 UTC 2025 - Activity Log Update 1
Tue Jul  1 12:21:30 UTC 2025 - Activity Log Update 2
Tue Jul  1 12:21:30 UTC 2025 - Activity Log Update 3
Tue Jul  1 12:21:30 UTC 2025 - Activity Log Update 4
